Beautips/app/build/intermediates/manifest_merge_blame_file/debug/manifest-merger-blame-debug-report.txt
1<?xml version="1.0" encoding="utf-8"?>
2<manifest xmlns:android="http://schemas.android.com/apk/res/android"
3    package="com.laioffer.beautips"
4    android:versionCode="1"
5    android:versionName="1.0" >
6
7    <uses-sdk
8        android:minSdkVersion="21"
8-->src/main/AndroidManifest.xml
9        android:targetSdkVersion="30" />
9-->src/main/AndroidManifest.xml
10
11    <uses-permission android:name="android.permission.INTERNET" />
11-->src/main/AndroidManifest.xml:6:5-67
11-->src/main/AndroidManifest.xml:6:22-64
12
13    <application
13-->src/main/AndroidManifest.xml:9:5-29:19
14        android:name="com.laioffer.beautips.MainApplication"
14-->src/main/AndroidManifest.xml:10:9-40
15        android:allowBackup="true"
15-->src/main/AndroidManifest.xml:11:9-35
16        android:appComponentFactory="androidx.core.app.CoreComponentFactory"
16-->[androidx.core:core:1.3.1] AndroidManifest.xml:24:18-86
17        android:debuggable="true"
18        android:icon="@mipmap/ic_launcher"
18-->src/main/AndroidManifest.xml:12:9-43
19        android:label="@string/app_name"
19-->src/main/AndroidManifest.xml:13:9-41
20        android:roundIcon="@mipmap/ic_launcher_round"
20-->src/main/AndroidManifest.xml:14:9-54
21        android:supportsRtl="true"
21-->src/main/AndroidManifest.xml:17:9-35
22        android:testOnly="true"
23        android:theme="@style/Theme.Beautips"
23-->src/main/AndroidManifest.xml:18:9-46
24        android:usesCleartextTraffic="true" >
24-->src/main/AndroidManifest.xml:15:9-44
25        <activity android:name="com.laioffer.beautips.MainActivity" >
25-->src/main/AndroidManifest.xml:19:9-25:20
25-->src/main/AndroidManifest.xml:19:19-47
26            <intent-filter>
26-->src/main/AndroidManifest.xml:20:13-24:29
27                <action android:name="android.intent.action.MAIN" />
27-->src/main/AndroidManifest.xml:21:17-69
27-->src/main/AndroidManifest.xml:21:25-66
28
29                <category android:name="android.intent.category.LAUNCHER" />
29-->src/main/AndroidManifest.xml:23:17-77
29-->src/main/AndroidManifest.xml:23:27-74
30            </intent-filter>
31        </activity>
32
33        <meta-data
33-->src/main/AndroidManifest.xml:26:9-28:57
34            android:name="preloaded_fonts"
34-->src/main/AndroidManifest.xml:27:13-43
35            android:resource="@array/preloaded_fonts" />
35-->src/main/AndroidManifest.xml:28:13-54
36
37        <provider
37-->[com.squareup.picasso:picasso:2.71828] AndroidManifest.xml:8:9-11:40
38            android:name="com.squareup.picasso.PicassoProvider"
38-->[com.squareup.picasso:picasso:2.71828] AndroidManifest.xml:9:13-64
39            android:authorities="com.laioffer.beautips.com.squareup.picasso"
39-->[com.squareup.picasso:picasso:2.71828] AndroidManifest.xml:10:13-72
40            android:exported="false" />
40-->[com.squareup.picasso:picasso:2.71828] AndroidManifest.xml:11:13-37
41
42        <service
42-->[com.ashokvarma.android:gander:3.1.0] AndroidManifest.xml:12:9-14:40
43            android:name="com.ashokvarma.gander.internal.support.ClearTransactionsService"
43-->[com.ashokvarma.android:gander:3.1.0] AndroidManifest.xml:13:13-91
44            android:exported="false" />
44-->[com.ashokvarma.android:gander:3.1.0] AndroidManifest.xml:14:13-37
45        <service
45-->[com.ashokvarma.android:gander:3.1.0] AndroidManifest.xml:15:9-17:40
46            android:name="com.ashokvarma.gander.internal.support.DismissNotificationService"
46-->[com.ashokvarma.android:gander:3.1.0] AndroidManifest.xml:16:13-93
47            android:exported="false" />
47-->[com.ashokvarma.android:gander:3.1.0] AndroidManifest.xml:17:13-37
48
49        <activity
49-->[com.ashokvarma.android:gander:3.1.0] AndroidManifest.xml:19:9-24:51
50            android:name="com.ashokvarma.gander.internal.ui.list.TransactionListActivity"
50-->[com.ashokvarma.android:gander:3.1.0] AndroidManifest.xml:20:13-90
51            android:label="@string/gander_name"
51-->[com.ashokvarma.android:gander:3.1.0] AndroidManifest.xml:21:13-48
52            android:launchMode="singleTask"
52-->[com.ashokvarma.android:gander:3.1.0] AndroidManifest.xml:22:13-44
53            android:taskAffinity="com.ashokvarma.gander.task"
53-->[com.ashokvarma.android:gander:3.1.0] AndroidManifest.xml:23:13-62
54            android:theme="@style/Gander.Theme" />
54-->[com.ashokvarma.android:gander:3.1.0] AndroidManifest.xml:24:13-48
55        <activity
55-->[com.ashokvarma.android:gander:3.1.0] AndroidManifest.xml:25:9-28:51
56            android:name="com.ashokvarma.gander.internal.ui.details.TransactionDetailsActivity"
56-->[com.ashokvarma.android:gander:3.1.0] AndroidManifest.xml:26:13-96
57            android:parentActivityName="com.ashokvarma.gander.internal.ui.list.TransactionListActivity"
57-->[com.ashokvarma.android:gander:3.1.0] AndroidManifest.xml:27:13-104
58            android:theme="@style/Gander.Theme" />
58-->[com.ashokvarma.android:gander:3.1.0] AndroidManifest.xml:28:13-48
59
60        <provider
60-->[androidx.lifecycle:lifecycle-process:2.0.0] AndroidManifest.xml:23:9-27:43
61            android:name="androidx.lifecycle.ProcessLifecycleOwnerInitializer"
61-->[androidx.lifecycle:lifecycle-process:2.0.0] AndroidManifest.xml:24:13-79
62            android:authorities="com.laioffer.beautips.lifecycle-process"
62-->[androidx.lifecycle:lifecycle-process:2.0.0] AndroidManifest.xml:25:13-69
63            android:exported="false"
63-->[androidx.lifecycle:lifecycle-process:2.0.0] AndroidManifest.xml:26:13-37
64            android:multiprocess="true" />
64-->[androidx.lifecycle:lifecycle-process:2.0.0] AndroidManifest.xml:27:13-40
65    </application>
66
67</manifest>